#
# There is insufficient memory for the Java Runtime Environment to continue.
# Native memory allocation (malloc) failed to allocate 1881216 bytes for Chunk::new
# Possible reasons:
#   The system is out of physical RAM or swap space
#   The process is running with CompressedOops enabled, and the Java Heap may be blocking the growth of the native heap
# Possible solutions:
#   Reduce memory load on the system
#   Increase physical memory or swap space
#   Check if swap backing store is full
#   Decrease Java heap size (-Xmx/-Xms)
#   Decrease number of Java threads
#   Decrease Java thread stack sizes (-Xss)
#   Set larger code cache with -XX:ReservedCodeCacheSize=
#   JVM is running with Unscaled Compressed Oops mode in which the Java heap is
#     placed in the first 4GB address space. The Java Heap base address is the
#     maximum limit for the native heap growth. Please use -XX:HeapBaseMinAddress
#     to set the Java Heap base and to place the Java Heap above 4GB virtual address.
# This output file may be truncated or incomplete.
#
#  Out of Memory Error (allocation.cpp:389), pid=48732, tid=0x000000000000b45c
#
# JRE version: OpenJDK Runtime Environment (8.0_202-b03) (build 1.8.0_202-release-1483-b03)
# Java VM: OpenJDK 64-Bit Server VM (25.202-b03 mixed mode windows-amd64 compressed oops)
# Failed to write core dump. Minidumps are not enabled by default on client versions of Windows
#

---------------  T H R E A D  ---------------

Current thread (0x00000000182e8800):  JavaThread "C2 CompilerThread0" daemon [_thread_in_native, id=46172, stack(0x0000000018be0000,0x0000000018ce0000)]

Stack: [0x0000000018be0000,0x0000000018ce0000]
[error occurred during error reporting (printing stack bounds), id 0xc0000005]

Native frames: (J=compiled Java code, j=interpreted, Vv=VM code, C=native code)


Current CompileTask:
C2:5607328 20001 %     4       com.android.tools.r8.ir.regalloc.LinearScanRegisterAllocator::a @ 2072 (3743 bytes)


---------------  P R O C E S S  ---------------

Java Threads: ( => current thread )
  0x000000001ed39800 JavaThread "WorkerExecutor Queue Thread 10" [_thread_blocked, id=53440, stack(0x0000000029ac0000,0x0000000029bc0000)]
  0x000000001a7c4800 JavaThread "Cache worker for Java compile cache (C:\Games\otomaiddroid\.gradle\5.4.1\javaCompile)" [_thread_blocked, id=35148, stack(0x0000000027ec0000,0x0000000027fc0000)]
  0x0000000019b91000 JavaThread "Cache worker for Java compile cache (C:\Users\ﾃ］gel\.gradle\caches\5.4.1\javaCompile)" [_thread_blocked, id=42008, stack(0x00000000277c0000,0x00000000278c0000)]
  0x000000001dc41000 JavaThread "WorkerExecutor Queue Thread 9" [_thread_blocked, id=16868, stack(0x000000002abc0000,0x000000002acc0000)]
  0x000000001dc42000 JavaThread "stdout" [_thread_in_native, id=42928, stack(0x00000000293c0000,0x00000000294c0000)]
  0x000000001dc45000 JavaThread "stderr" [_thread_in_native, id=15404, stack(0x00000000292c0000,0x00000000293c0000)]
  0x000000001dc40800 JavaThread "stdout" [_thread_in_native, id=49920, stack(0x00000000291c0000,0x00000000292c0000)]
  0x000000001dc39000 JavaThread "stderr" [_thread_in_native, id=42464, stack(0x00000000290c0000,0x00000000291c0000)]
  0x000000001dc3f800 JavaThread "stdout" [_thread_in_native, id=49016, stack(0x0000000028fc0000,0x00000000290c0000)]
  0x000000001dc3f000 JavaThread "stderr" [_thread_in_native, id=46604, stack(0x0000000028ec0000,0x0000000028fc0000)]
  0x000000001dc37800 JavaThread "stdout" [_thread_in_native, id=53872, stack(0x0000000028dc0000,0x0000000028ec0000)]
  0x000000001dc3e000 JavaThread "stderr" [_thread_in_native, id=46288, stack(0x0000000028cc0000,0x0000000028dc0000)]
  0x000000001dc39800 JavaThread "stdout" [_thread_in_native, id=7752, stack(0x0000000028bc0000,0x0000000028cc0000)]
  0x000000001dc36800 JavaThread "stderr" [_thread_in_native, id=13280, stack(0x0000000028ac0000,0x0000000028bc0000)]
  0x000000001dc3c800 JavaThread "stdout" [_thread_in_native, id=42632, stack(0x00000000289c0000,0x0000000028ac0000)]
  0x000000001dc3c000 JavaThread "stderr" [_thread_in_native, id=50468, stack(0x00000000288c0000,0x00000000289c0000)]
  0x000000001dc3b000 JavaThread "stdout" [_thread_in_native, id=47488, stack(0x00000000287c0000,0x00000000288c0000)]
  0x000000001dc3a800 JavaThread "stderr" [_thread_in_native, id=33016, stack(0x0000000027dc0000,0x0000000027ec0000)]
  0x000000001dc3d800 JavaThread "stdout" [_thread_in_native, id=50840, stack(0x0000000028230000,0x0000000028330000)]
  0x000000001dc38000 JavaThread "stderr" [_thread_in_native, id=42664, stack(0x0000000028130000,0x0000000028230000)]
  0x000000001a7c7000 JavaThread "pool-10-thread-1" [_thread_blocked, id=42500, stack(0x0000000028030000,0x0000000028130000)]
  0x000000001a7c5800 JavaThread "WorkerExecutor Queue Thread 7" [_thread_blocked, id=36444, stack(0x0000000027ac0000,0x0000000027bc0000)]
  0x0000000019b93000 JavaThread "WorkerExecutor Queue Thread 6" [_thread_blocked, id=43708, stack(0x00000000279c0000,0x0000000027ac0000)]
  0x0000000019b92800 JavaThread "WorkerExecutor Queue Thread 5" [_thread_in_native, id=51884, stack(0x00000000278c0000,0x00000000279c0000)]
  0x0000000019b91800 JavaThread "WorkerExecutor Queue Thread 3" [_thread_blocked, id=45392, stack(0x00000000273c0000,0x00000000274c0000)]
  0x0000000019b90000 JavaThread "WorkerExecutor Queue Thread 2" [_thread_blocked, id=33364, stack(0x00000000272c0000,0x00000000273c0000)]
  0x0000000019b8e000 JavaThread "WorkerExecutor Queue" [_thread_blocked, id=50340, stack(0x00000000271c0000,0x00000000272c0000)]
  0x000000001a8cf000 JavaThread "Cache worker for execution history cache (C:\Games\otomaiddroid\.gradle\5.4.1\executionHistory)" [_thread_blocked, id=46576, stack(0x00000000270c0000,0x00000000271c0000)]
  0x000000001a8d1000 JavaThread "Execution worker for ':' Thread 7" [_thread_blocked, id=84, stack(0x0000000026dc0000,0x0000000026ec0000)]
  0x000000001a8c7800 JavaThread "Execution worker for ':' Thread 6" [_thread_in_Java, id=18188, stack(0x0000000026cc0000,0x0000000026dc0000)]
  0x000000001a8c5000 JavaThread "Execution worker for ':' Thread 5" [_thread_blocked, id=36476, stack(0x0000000026bc0000,0x0000000026cc0000)]
  0x000000001a8cc000 JavaThread "Execution worker for ':' Thread 4" [_thread_in_Java, id=30628, stack(0x0000000026ac0000,0x0000000026bc0000)]
  0x000000001a8c4800 JavaThread "Execution worker for ':' Thread 3" [_thread_blocked, id=47224, stack(0x00000000269c0000,0x0000000026ac0000)]
  0x000000001a8c6000 JavaThread "Execution worker for ':' Thread 2" [_thread_blocked, id=34604, stack(0x00000000268c0000,0x00000000269c0000)]
  0x000000001a8cb000 JavaThread "Execution worker for ':'" [_thread_blocked, id=41680, stack(0x00000000267c0000,0x00000000268c0000)]
  0x000000001a8ca800 JavaThread "Cache worker for file content cache (C:\Games\otomaiddroid\.gradle\5.4.1\fileContent)" [_thread_blocked, id=53036, stack(0x00000000262c0000,0x00000000263c0000)]
  0x000000001a8c9800 JavaThread "Cache worker for Build Output Cleanup Cache (C:\Games\otomaiddroid\.gradle\buildOutputCleanup)" [_thread_blocked, id=42504, stack(0x0000000023a60000,0x0000000023b60000)]
  0x000000001d3f4800 JavaThread "pool-9-thread-1" [_thread_blocked, id=48252, stack(0x0000000023960000,0x0000000023a60000)]
  0x000000001d3f6000 JavaThread "Build operations Thread 8" [_thread_blocked, id=30500, stack(0x0000000023860000,0x0000000023960000)]
  0x000000001d3f3000 JavaThread "Build operations Thread 7" [_thread_blocked, id=52368, stack(0x0000000023760000,0x0000000023860000)]
  0x000000001d3f3800 JavaThread "Build operations Thread 6" [_thread_blocked, id=50936, stack(0x0000000023660000,0x0000000023760000)]
  0x000000001d3f5000 JavaThread "Build operations Thread 5" [_thread_blocked, id=53880, stack(0x0000000023560000,0x0000000023660000)]
  0x000000001d3f2000 JavaThread "Build operations Thread 4" [_thread_blocked, id=14396, stack(0x0000000023460000,0x0000000023560000)]
  0x000000001d3f1800 JavaThread "Build operations Thread 3" [_thread_blocked, id=47372, stack(0x0000000023360000,0x0000000023460000)]
  0x000000001d3f0000 JavaThread "Build operations Thread 2" [_thread_blocked, id=47296, stack(0x0000000023260000,0x0000000023360000)]
  0x000000001d3f0800 JavaThread "Build operations" [_thread_blocked, id=52056, stack(0x0000000020e20000,0x0000000020f20000)]
  0x000000001d3e8800 JavaThread "Cache worker for cache directory md-rule (C:\Users\ﾃ］gel\.gradle\caches\5.4.1\md-rule)" [_thread_blocked, id=32844, stack(0x000000001f410000,0x000000001f510000)]
  0x000000001d3ed000 JavaThread "Cache worker for cache directory md-supplier (C:\Users\ﾃ］gel\.gradle\caches\5.4.1\md-supplier)" [_thread_blocked, id=49192, stack(0x000000001e100000,0x000000001e200000)]
  0x000000001d3ea800 JavaThread "Cache worker for file hash cache (C:\Games\otomaiddroid\.gradle\5.4.1\fileHashes)" [_thread_blocked, id=36000, stack(0x000000001bb60000,0x000000001bc60000)]
  0x000000001d3e9000 JavaThread "Thread-131" [_thread_blocked, id=44688, stack(0x000000001b860000,0x000000001b960000)]
  0x000000001d3ea000 JavaThread "Stdin handler" [_thread_blocked, id=53796, stack(0x000000001b760000,0x000000001b860000)]
  0x000000001d3eb800 JavaThread "Asynchronous log dispatcher for DefaultDaemonConnection: socket connection from /127.0.0.1:64787 to /127.0.0.1:49962" [_thread_blocked, id=4692, stack(0x000000001b460000,0x000000001b560000)]
  0x000000001d3ef000 JavaThread "Daemon worker Thread 5" [_thread_blocked, id=52448, stack(0x000000001b360000,0x000000001b460000)]
  0x000000001d3e7800 JavaThread "Cancel handler" [_thread_blocked, id=47892, stack(0x0000000000940000,0x0000000000a40000)]
  0x000000001d3ee800 JavaThread "Handler for socket connection from /127.0.0.1:64787 to /127.0.0.1:49962" [_thread_in_native, id=53060, stack(0x0000000000840000,0x0000000000940000)]
  0x000000001d3ec000 JavaThread "Daemon Thread 5" [_thread_blocked, id=49620, stack(0x0000000000700000,0x0000000000800000)]
  0x0000000019b8d000 JavaThread "MarlinRenderer Disposer" daemon [_thread_blocked, id=43052, stack(0x00000000284c0000,0x00000000285c0000)]
  0x0000000019b94000 JavaThread "Java2D Disposer" daemon [_thread_blocked, id=49516, stack(0x00000000283c0000,0x00000000284c0000)]
  0x000000001a8c3000 JavaThread "Cache worker for file content cache (C:\Users\ﾃ］gel\.gradle\caches\5.4.1\fileContent)" [_thread_blocked, id=1460, stack(0x0000000024a60000,0x0000000024b60000)]
  0x000000001a8c6800 JavaThread "Memory manager" [_thread_blocked, id=52104, stack(0x0000000024560000,0x0000000024660000)]
  0x000000001a8c3800 JavaThread "Cache worker for execution history cache (C:\Users\ﾃ］gel\.gradle\caches\5.4.1\executionHistory)" [_thread_blocked, id=40568, stack(0x000000001fb10000,0x000000001fc10000)]
  0x000000001a7c7800 JavaThread "Cache worker for journal cache (C:\Users\ﾃ］gel\.gradle\caches\journal-1)" [_thread_blocked, id=26944, stack(0x000000001be60000,0x000000001bf60000)]
  0x000000001a7c1800 JavaThread "File lock request listener" [_thread_in_native, id=41112, stack(0x000000001bd60000,0x000000001be60000)]
  0x000000001a862000 JavaThread "Cache worker for file hash cache (C:\Users\ﾃ］gel\.gradle\caches\5.4.1\fileHashes)" [_thread_blocked, id=48280, stack(0x000000001bc60000,0x000000001bd60000)]
  0x000000001a418800 JavaThread "Daemon periodic checks" [_thread_blocked, id=29232, stack(0x000000001b260000,0x000000001b360000)]
  0x000000001a416000 JavaThread "Incoming local TCP Connector on port 64787" [_thread_in_native, id=32832, stack(0x000000001aff0000,0x000000001b0f0000)]
  0x000000001a54c800 JavaThread "Daemon health stats" [_thread_blocked, id=37984, stack(0x000000001a9b0000,0x000000001aab0000)]
  0x0000000018367000 JavaThread "Service Thread" daemon [_thread_blocked, id=45260, stack(0x0000000018fe0000,0x00000000190e0000)]
  0x0000000018328800 JavaThread "C1 CompilerThread3" daemon [_thread_in_native, id=32356, stack(0x0000000018ee0000,0x0000000018fe0000)]
  0x00000000182f4800 JavaThread "C2 CompilerThread2" daemon [_thread_in_native, id=49396, stack(0x0000000018de0000,0x0000000018ee0000)]
  0x00000000182ef800 JavaThread "C2 CompilerThread1" daemon [_thread_in_native, id=38116, stack(0x0000000018ce0000,0x0000000018de0000)]
=>0x00000000182e8800 JavaThread "C2 CompilerThread0" daemon [_thread_in_native, id=46172, stack(0x0000000018be0000,0x0000000018ce0000)]
  0x00000000182e8000 JavaThread "Attach Listener" daemon [_thread_blocked, id=44384, stack(0x0000000018ae0000,0x0000000018be0000)]
  0x00000000182e7000 JavaThread "Signal Dispatcher" daemon [_thread_blocked, id=20312, stack(0x00000000189e0000,0x0000000018ae0000)]
  0x0000000002639000 JavaThread "Finalizer" daemon [_thread_blocked, id=49672, stack(0x00000000187c0000,0x00000000188c0000)]
  0x0000000002636000 JavaThread "Reference Handler" daemon [_thread_blocked, id=37884, stack(0x00000000186c0000,0x00000000187c0000)]
  0x000000000272e800 JavaThread "main" [_thread_blocked, id=42284, stack(0x0000000002390000,0x0000000002490000)]

Other Threads:
  0x00000000164e8000 VMThread [stack: 0x00000000181c0000,0x00000000182c0000] [id=45128]
  0x0000000018368000 WatcherThread [stack: 0x00000000190e0000,0x00000000191e0000] [id=39248]

VM state:not at safepoint (normal execution)

VM Mutex/Monitor currently owned by a thread: None

heap address: 0x00000000a0000000, size: 1536 MB, Compressed Oops mode: 32-bit
Narrow klass base: 0x0000000000000000, Narrow klass shift: 3
Compressed class space size: 1073741824 Address: 0x0000000100000000

Heap:
 PSYoungGen      total 214528K, used 129052K [0x00000000e0000000, 0x00000000f0c00000, 0x0000000100000000)
  eden space 180224K, 59% used [0x00000000e0000000,0x00000000e680a0e0,0x00000000eb000000)
  from space 34304K, 65% used [0x00000000eb000000,0x00000000ec5fcf28,0x00000000ed180000)
  to   space 32256K, 0% used [0x00000000eec80000,0x00000000eec80000,0x00000000f0c00000)
 ParOldGen       total 403456K, used 44684K [0x00000000a0000000, 0x00000000b8a00000, 0x00000000e0000000)
  object space 403456K, 11% used [0x00000000a0000000,0x00000000a2ba3168,0x00000000b8a00000)
 Metaspace       used 98147K, capacity 101834K, committed 103296K, reserved 1138688K
  class space    used 12383K, capacity 13107K, committed 13440K, reserved 1048576K

Card table byte_map: [0x0000000011af0000,0x0000000011e00000] byte_map_base: 0x00000000115f0000

Marking Bits: (ParMarkBitMap*) 0x000000006c679f30
 Begin Bits: [0x0000000012800000, 0x0000000014000000)
 End Bits:   [0x0000000014000000, 0x0000000015800000)

Polling page: 0x0000000000b20000

CodeCache: size=245760Kb used=59618Kb max_used=59618Kb free=186142Kb
 bounds [0x0000000002730000, 0x00000000061e0000, 0x0000000011730000]
 total_blobs=17924 nmethods=16906 adapters=930
 compilation: enabled

Compilation events (10 events):
Event: 5607.271 Thread 0x0000000018328800 nmethod 20831 0x000000000567e790 code [0x000000000567e900, 0x000000000567ea88]
Event: 5607.272 Thread 0x0000000018328800 20832       3       java.util.IdentityHashMap::resize (153 bytes)
Event: 5607.273 Thread 0x0000000018328800 nmethod 20832 0x00000000056a8c50 code [0x00000000056a8e40, 0x00000000056a9a78]
Event: 5607.273 Thread 0x0000000018328800 20833       2       sun.security.provider.SHA::implDigest (96 bytes)
Event: 5607.273 Thread 0x0000000018328800 nmethod 20833 0x00000000056a86d0 code [0x00000000056a8860, 0x00000000056a8b08]
Event: 5607.274 Thread 0x0000000018328800 20834       2       com.android.tools.r8.graph.LazyLoadedDexApplication::a (55 bytes)
Event: 5607.274 Thread 0x0000000018328800 nmethod 20834 0x00000000056a82d0 code [0x00000000056a8440, 0x00000000056a85e8]
Event: 5607.274 Thread 0x0000000018328800 20835       2       com.android.tools.r8.graph.ObjectToOffsetMapping$$Lambda$652/661970680::compare (16 bytes)
Event: 5607.275 Thread 0x0000000018328800 nmethod 20835 0x00000000056a7c10 code [0x00000000056a7da0, 0x00000000056a8028]
Event: 5607.275 Thread 0x0000000018328800 20836       2       com.android.tools.r8.graph.ObjectToOffsetMapping::a (35 bytes)

GC Heap History (10 events):
Event: 5604.913 GC heap before
{Heap before GC invocations=25 (full 4):
 PSYoungGen      total 188416K, used 178375K [0x00000000e0000000, 0x00000000ee700000, 0x0000000100000000)
  eden space 153600K, 100% used [0x00000000e0000000,0x00000000e9600000,0x00000000e9600000)
  from space 34816K, 71% used [0x00000000eb880000,0x00000000ed0b1fb8,0x00000000eda80000)
  to   space 35328K, 0% used [0x00000000e9600000,0x00000000e9600000,0x00000000eb880000)
 ParOldGen       total 403456K, used 44652K [0x00000000a0000000, 0x00000000b8a00000, 0x00000000e0000000)
  object space 403456K, 11% used [0x00000000a0000000,0x00000000a2b9b168,0x00000000b8a00000)
 Metaspace       used 96708K, capacity 100234K, committed 101888K, reserved 1138688K
  class space    used 12262K, capacity 12961K, committed 13312K, reserved 1048576K
Event: 5604.926 GC heap after
Heap after GC invocations=25 (full 4):
 PSYoungGen      total 188928K, used 22089K [0x00000000e0000000, 0x00000000ef300000, 0x0000000100000000)
  eden space 153600K, 0% used [0x00000000e0000000,0x00000000e0000000,0x00000000e9600000)
  from space 35328K, 62% used [0x00000000e9600000,0x00000000eab92488,0x00000000eb880000)
  to   space 34304K, 0% used [0x00000000ed180000,0x00000000ed180000,0x00000000ef300000)
 ParOldGen       total 403456K, used 44660K [0x00000000a0000000, 0x00000000b8a00000, 0x00000000e0000000)
  object space 403456K, 11% used [0x00000000a0000000,0x00000000a2b9d168,0x00000000b8a00000)
 Metaspace       used 96708K, capacity 100234K, committed 101888K, reserved 1138688K
  class space    used 12262K, capacity 12961K, committed 13312K, reserved 1048576K
}
Event: 5605.418 GC heap before
{Heap before GC invocations=26 (full 4):
 PSYoungGen      total 188928K, used 175689K [0x00000000e0000000, 0x00000000ef300000, 0x0000000100000000)
  eden space 153600K, 100% used [0x00000000e0000000,0x00000000e9600000,0x00000000e9600000)
  from space 35328K, 62% used [0x00000000e9600000,0x00000000eab92488,0x00000000eb880000)
  to   space 34304K, 0% used [0x00000000ed180000,0x00000000ed180000,0x00000000ef300000)
 ParOldGen       total 403456K, used 44660K [0x00000000a0000000, 0x00000000b8a00000, 0x00000000e0000000)
  object space 403456K, 11% used [0x00000000a0000000,0x00000000a2b9d168,0x00000000b8a00000)
 Metaspace       used 97284K, capacity 100898K, committed 102528K, reserved 1138688K
  class space    used 12305K, capacity 13013K, committed 13440K, reserved 1048576K
Event: 5605.442 GC heap after
Heap after GC invocations=26 (full 4):
 PSYoungGen      total 214528K, used 24065K [0x00000000e0000000, 0x00000000ef900000, 0x0000000100000000)
  eden space 180224K, 0% used [0x00000000e0000000,0x00000000e0000000,0x00000000eb000000)
  from space 34304K, 70% used [0x00000000ed180000,0x00000000ee900700,0x00000000ef300000)
  to   space 34304K, 0% used [0x00000000eb000000,0x00000000eb000000,0x00000000ed180000)
 ParOldGen       total 403456K, used 44668K [0x00000000a0000000, 0x00000000b8a00000, 0x00000000e0000000)
  object space 403456K, 11% used [0x00000000a0000000,0x00000000a2b9f168,0x00000000b8a00000)
 Metaspace       used 97284K, capacity 100898K, committed 102528K, reserved 1138688K
  class space    used 12305K, capacity 13013K, committed 13440K, reserved 1048576K
}
Event: 5605.935 GC heap before
{Heap before GC invocations=27 (full 4):
 PSYoungGen      total 214528K, used 204289K [0x00000000e0000000, 0x00000000ef900000, 0x0000000100000000)
  eden space 180224K, 100% used [0x00000000e0000000,0x00000000eb000000,0x00000000eb000000)
  from space 34304K, 70% used [0x00000000ed180000,0x00000000ee900700,0x00000000ef300000)
  to   space 34304K, 0% used [0x00000000eb000000,0x00000000eb000000,0x00000000ed180000)
 ParOldGen       total 403456K, used 44668K [0x00000000a0000000, 0x00000000b8a00000, 0x00000000e0000000)
  object space 403456K, 11% used [0x00000000a0000000,0x00000000a2b9f168,0x00000000b8a00000)
 Metaspace       used 97849K, capacity 101556K, committed 103040K, reserved 1138688K
  class space    used 12362K, capacity 13070K, committed 13440K, reserved 1048576K
Event: 5605.946 GC heap after
Heap after GC invocations=27 (full 4):
 PSYoungGen      total 214528K, used 23129K [0x00000000e0000000, 0x00000000ef900000, 0x0000000100000000)
  eden space 180224K, 0% used [0x00000000e0000000,0x00000000e0000000,0x00000000eb000000)
  from space 34304K, 67% used [0x00000000eb000000,0x00000000ec696700,0x00000000ed180000)
  to   space 34304K, 0% used [0x00000000ed180000,0x00000000ed180000,0x00000000ef300000)
 ParOldGen       total 403456K, used 44676K [0x00000000a0000000, 0x00000000b8a00000, 0x00000000e0000000)
  object space 403456K, 11% used [0x00000000a0000000,0x00000000a2ba1168,0x00000000b8a00000)
 Metaspace       used 97849K, capacity 101556K, committed 103040K, reserved 1138688K
  class space    used 12362K, capacity 13070K, committed 13440K, reserved 1048576K
}
Event: 5606.389 GC heap before
{Heap before GC invocations=28 (full 4):
 PSYoungGen      total 214528K, used 203353K [0x00000000e0000000, 0x00000000ef900000, 0x0000000100000000)
  eden space 180224K, 100% used [0x00000000e0000000,0x00000000eb000000,0x00000000eb000000)
  from space 34304K, 67% used [0x00000000eb000000,0x00000000ec696700,0x00000000ed180000)
  to   space 34304K, 0% used [0x00000000ed180000,0x00000000ed180000,0x00000000ef300000)
 ParOldGen       total 403456K, used 44676K [0x00000000a0000000, 0x00000000b8a00000, 0x00000000e0000000)
  object space 403456K, 11% used [0x00000000a0000000,0x00000000a2ba1168,0x00000000b8a00000)
 Metaspace       used 97961K, capacity 101644K, committed 103296K, reserved 1138688K
  class space    used 12376K, capacity 13072K, committed 13440K, reserved 1048576K
Event: 5606.401 GC heap after
Heap after GC invocations=28 (full 4):
 PSYoungGen      total 214528K, used 21224K [0x00000000e0000000, 0x00000000ef900000, 0x0000000100000000)
  eden space 180224K, 0% used [0x00000000e0000000,0x00000000e0000000,0x00000000eb000000)
  from space 34304K, 61% used [0x00000000ed180000,0x00000000ee63a280,0x00000000ef300000)
  to   space 34304K, 0% used [0x00000000eb000000,0x00000000eb000000,0x00000000ed180000)
 ParOldGen       total 403456K, used 44684K [0x00000000a0000000, 0x00000000b8a00000, 0x00000000e0000000)
  object space 403456K, 11% used [0x00000000a0000000,0x00000000a2ba3168,0x00000000b8a00000)
 Metaspace       used 97961K, capacity 101644K, committed 103296K, reserved 1138688K
  class space    used 12376K, capacity 13072K, committed 13440K, reserved 1048576K
}
Event: 5606.963 GC heap before
{Heap before GC invocations=29 (full 4):
 PSYoungGen      total 214528K, used 201448K [0x00000000e0000000, 0x00000000ef900000, 0x0000000100000000)
  eden space 180224K, 100% used [0x00000000e0000000,0x00000000eb000000,0x00000000eb000000)
  from space 34304K, 61% used [0x00000000ed180000,0x00000000ee63a280,0x00000000ef300000)
  to   space 34304K, 0% used [0x00000000eb000000,0x00000000eb000000,0x00000000ed180000)
 ParOldGen       total 403456K, used 44684K [0x00000000a0000000, 0x00000000b8a00000, 0x00000000e0000000)
  object space 403456K, 11% used [0x00000000a0000000,0x00000000a2ba3168,0x00000000b8a00000)
 Metaspace       used 98030K, capacity 101720K, committed 103296K, reserved 1138688K
  class space    used 12380K, capacity 13074K, committed 13440K, reserved 1048576K
Event: 5606.978 GC heap after
Heap after GC invocations=29 (full 4):
 PSYoungGen      total 214528K, used 22515K [0x00000000e0000000, 0x00000000f0c00000, 0x0000000100000000)
  eden space 180224K, 0% used [0x00000000e0000000,0x00000000e0000000,0x00000000eb000000)
  from space 34304K, 65% used [0x00000000eb000000,0x00000000ec5fcf28,0x00000000ed180000)
  to   space 32256K, 0% used [0x00000000eec80000,0x00000000eec80000,0x00000000f0c00000)
 ParOldGen       total 403456K, used 44684K [0x00000000a0000000, 0x00000000b8a00000, 0x00000000e0000000)
  object space 403456K, 11% used [0x00000000a0000000,0x00000000a2ba3168,0x00000000b8a00000)
 Metaspace       used 98030K, capacity 101720K, committed 103296K, reserved 1138688K
  class space    used 12380K, capacity 13074K, committed 13440K, reserved 1048576K
}

Deoptimization events (10 events):
Event: 5605.702 Thread 0x0000000019b90000 Uncommon trap: reason=bimorphic action=maybe_recompile pc=0x0000000004988094 method=java.security.MessageDigest$Delegate.clone()Ljava/lang/Object; @ 14
Event: 5605.955 Thread 0x000000001a8cc000 Uncommon trap: reason=unstable_if action=reinterpret pc=0x0000000003045188 method=java.util.IdentityHashMap.put(Ljava/lang/Object;Ljava/lang/Object;)Ljava/lang/Object; @ 38
Event: 5606.221 Thread 0x000000001a8cc000 Uncommon trap: reason=class_check action=maybe_recompile pc=0x0000000005651380 method=com.android.tools.r8.ir.conversion.IRBuilder.a(Lcom/android/tools/r8/ir/code/Position;)V @ 124
Event: 5606.221 Thread 0x000000001a8cc000 Uncommon trap: reason=class_check action=maybe_recompile pc=0x0000000005651380 method=com.android.tools.r8.ir.conversion.IRBuilder.a(Lcom/android/tools/r8/ir/code/Position;)V @ 124
Event: 5606.221 Thread 0x000000001a8cc000 Uncommon trap: reason=class_check action=maybe_recompile pc=0x0000000005651380 method=com.android.tools.r8.ir.conversion.IRBuilder.a(Lcom/android/tools/r8/ir/code/Position;)V @ 124
Event: 5606.309 Thread 0x000000001a8c7800 Uncommon trap: reason=class_check action=maybe_recompile pc=0x0000000005651380 method=com.android.tools.r8.ir.conversion.IRBuilder.a(Lcom/android/tools/r8/ir/code/Position;)V @ 124
Event: 5606.377 Thread 0x000000001a8c7800 Uncommon trap: reason=unstable_if action=reinterpret pc=0x000000000608bebc method=com.android.tools.r8.ir.conversion.N.getIncomingLocal(I)Lcom/android/tools/r8/graph/DebugLocalInfo; @ 4
Event: 5606.378 Thread 0x000000001a8c7800 Uncommon trap: reason=unstable_if action=reinterpret pc=0x0000000004edc56c method=com.android.tools.r8.ir.conversion.N.buildInstruction(Lcom/android/tools/r8/ir/conversion/IRBuilder;IZ)V @ 3
Event: 5606.379 Thread 0x000000001a8c7800 Uncommon trap: reason=unstable_if action=reinterpret pc=0x0000000005089690 method=com.android.tools.r8.ir.conversion.X.a(I[Lcom/android/tools/r8/ir/conversion/P;Lcom/android/tools/r8/m/a/a/b/d0;)Z @ 55
Event: 5606.608 Thread 0x000000001a8c4800 Uncommon trap: reason=unstable_if action=reinterpret pc=0x0000000004ebd200 method=org.gradle.execution.plan.DefaultExecutionPlan.selectNext(Lorg/gradle/internal/work/WorkerLeaseRegistry$WorkerLease;Lorg/gradle/internal/resources/ResourceLockState;)Lorg/gr

Classes redefined (0 events):
No events

Internal exceptions (10 events):
Event: 5605.079 Thread 0x000000001dc41000 Exception <a 'sun/nio/fs/WindowsException'> (0x00000000e2c6cbd8) thrown at [D:\src\AOSP-openjdk-cygwin\jdk8u\hotspot\src\share\vm\prims\jni.cpp, line 710]
Event: 5605.080 Thread 0x000000001dc41000 Exception <a 'sun/nio/fs/WindowsException'> (0x00000000e2c73178) thrown at [D:\src\AOSP-openjdk-cygwin\jdk8u\hotspot\src\share\vm\prims\jni.cpp, line 710]
Event: 5605.082 Thread 0x000000001dc41000 Exception <a 'sun/nio/fs/WindowsException'> (0x00000000e2c79600) thrown at [D:\src\AOSP-openjdk-cygwin\jdk8u\hotspot\src\share\vm\prims\jni.cpp, line 710]
Event: 5605.088 Thread 0x000000001dc41000 Exception <a 'sun/nio/fs/WindowsException'> (0x00000000e2c81100) thrown at [D:\src\AOSP-openjdk-cygwin\jdk8u\hotspot\src\share\vm\prims\jni.cpp, line 710]
Event: 5605.091 Thread 0x000000001dc41000 Exception <a 'sun/nio/fs/WindowsException'> (0x00000000e3019260) thrown at [D:\src\AOSP-openjdk-cygwin\jdk8u\hotspot\src\share\vm\prims\jni.cpp, line 710]
Event: 5605.093 Thread 0x000000001dc41000 Exception <a 'sun/nio/fs/WindowsException'> (0x00000000e3020098) thrown at [D:\src\AOSP-openjdk-cygwin\jdk8u\hotspot\src\share\vm\prims\jni.cpp, line 710]
Event: 5605.095 Thread 0x000000001dc41000 Exception <a 'sun/nio/fs/WindowsException'> (0x00000000e3026628) thrown at [D:\src\AOSP-openjdk-cygwin\jdk8u\hotspot\src\share\vm\prims\jni.cpp, line 710]
Event: 5605.169 Thread 0x000000001a8c5000 Implicit null exception at 0x00000000035cb351 to 0x00000000035cda21
Event: 5605.389 Thread 0x000000001a8cc000 Exception <a 'sun/nio/fs/WindowsException'> (0x00000000e898a5d0) thrown at [D:\src\AOSP-openjdk-cygwin\jdk8u\hotspot\src\share\vm\prims\jni.cpp, line 710]
Event: 5605.685 Thread 0x000000001a8c5000 Exception <a 'sun/nio/fs/WindowsException'> (0x00000000e5675238) thrown at [D:\src\AOSP-openjdk-cygwin\jdk8u\hotspot\src\share\vm\prims\jni.cpp, line 710]

Events (10 events):
Event: 5607.197 Thread 0x000000001a8c7800 DEOPT PACKING pc=0x0000000005421924 sp=0x0000000026dbb4a0
Event: 5607.197 Thread 0x000000001a8c7800 DEOPT UNPACKING pc=0x00000000027775d0 sp=0x0000000026dbb288 mode 0
Event: 5607.237 Thread 0x000000001a8cc000 DEOPT PACKING pc=0x0000000005e44748 sp=0x0000000026bbb510
Event: 5607.237 Thread 0x000000001a8cc000 DEOPT UNPACKING pc=0x00000000027775d0 sp=0x0000000026bbb300 mode 0
Event: 5607.261 Thread 0x000000001a8c7800 DEOPT PACKING pc=0x00000000060d6342 sp=0x0000000026dbba80
Event: 5607.261 Thread 0x000000001a8c7800 DEOPT UNPACKING pc=0x00000000027775d0 sp=0x0000000026dbb898 mode 0
Event: 5607.272 Thread 0x000000001a8c7800 DEOPT PACKING pc=0x0000000006004a2e sp=0x0000000026dbbc30
Event: 5607.272 Thread 0x000000001a8c7800 DEOPT UNPACKING pc=0x00000000027775d0 sp=0x0000000026dbb970 mode 0
Event: 5607.273 Thread 0x000000001a8cc000 DEOPT PACKING pc=0x0000000005981d10 sp=0x0000000026bbaf60
Event: 5607.273 Thread 0x000000001a8cc000 DEOPT UNPACKING pc=0x00000000027775d0 sp=0x0000000026bbad48 mode 0


Dynamic libraries:
0x00007ff7d32c0000 - 0x00007ff7d32f1000 	C:\Program Files\Android\Android Studio\jre\bin\java.exe
0x00007ffd54660000 - 0x00007ffd54850000 	C:\WINDOWS\SYSTEM32\ntdll.dll
0x00007ffd530a0000 - 0x00007ffd53152000 	C:\WINDOWS\System32\KERNEL32.DLL
0x00007ffd52460000 - 0x00007ffd52703000 	C:\WINDOWS\System32\KERNELBASE.dll
0x00007ffd534c0000 - 0x00007ffd53563000 	C:\WINDOWS\System32\ADVAPI32.dll
0x00007ffd540c0000 - 0x00007ffd5415e000 	C:\WINDOWS\System32\msvcrt.dll
0x00007ffd53160000 - 0x00007ffd531f7000 	C:\WINDOWS\System32\sechost.dll
0x00007ffd53760000 - 0x00007ffd53880000 	C:\WINDOWS\System32\RPCRT4.dll
0x00007ffd54400000 - 0x00007ffd54594000 	C:\WINDOWS\System32\USER32.dll
0x00007ffd517a0000 - 0x00007ffd517c1000 	C:\WINDOWS\System32\win32u.dll
0x00007ffd53260000 - 0x00007ffd53286000 	C:\WINDOWS\System32\GDI32.dll
0x00007ffd517d0000 - 0x00007ffd51964000 	C:\WINDOWS\System32\gdi32full.dll
0x00007ffd51b70000 - 0x00007ffd51c0e000 	C:\WINDOWS\System32\msvcp_win.dll
0x00007ffd51a70000 - 0x00007ffd51b6a000 	C:\WINDOWS\System32\ucrtbase.dll
0x00007ffd461f0000 - 0x00007ffd46475000 	C:\WINDOWS\WinSxS\amd64_microsoft.windows.common-controls_6595b64144ccf1df_6.0.18362.476_none_e6c4b11b130f2595\COMCTL32.dll
0x00007ffd53d80000 - 0x00007ffd540b6000 	C:\WINDOWS\System32\combase.dll
0x00007ffd523e0000 - 0x00007ffd52460000 	C:\WINDOWS\System32\bcryptPrimitives.dll
0x00007ffd53880000 - 0x00007ffd538ae000 	C:\WINDOWS\System32\IMM32.DLL
0x000000006bcf0000 - 0x000000006bdc2000 	C:\Program Files\Android\Android Studio\jre\jre\bin\msvcr100.dll
0x000000006beb0000 - 0x000000006c6f6000 	C:\Program Files\Android\Android Studio\jre\jre\bin\server\jvm.dll
0x00007ffd53360000 - 0x00007ffd53368000 	C:\WINDOWS\System32\PSAPI.DLL
0x00007ffd4a4f0000 - 0x00007ffd4a514000 	C:\WINDOWS\SYSTEM32\WINMM.dll
0x00007ffd4b6f0000 - 0x00007ffd4b6f9000 	C:\WINDOWS\SYSTEM32\WSOCK32.dll
0x00007ffd54390000 - 0x00007ffd543ff000 	C:\WINDOWS\System32\WS2_32.dll
0x00007ffd4aa80000 - 0x00007ffd4aa8a000 	C:\WINDOWS\SYSTEM32\VERSION.dll
0x00007ffd49cb0000 - 0x00007ffd49cdd000 	C:\WINDOWS\SYSTEM32\WINMMBASE.dll
0x00007ffd51970000 - 0x00007ffd519ba000 	C:\WINDOWS\System32\cfgmgr32.dll
0x00007ffd4b5c0000 - 0x00007ffd4b5cf000 	C:\Program Files\Android\Android Studio\jre\jre\bin\verify.dll
0x00007ffd38430000 - 0x00007ffd38459000 	C:\Program Files\Android\Android Studio\jre\jre\bin\java.dll
0x00007ffd39520000 - 0x00007ffd39536000 	C:\Program Files\Android\Android Studio\jre\jre\bin\zip.dll
0x00007ffd52780000 - 0x00007ffd52e65000 	C:\WINDOWS\System32\SHELL32.dll
0x00007ffd53290000 - 0x00007ffd53339000 	C:\WINDOWS\System32\shcore.dll
0x00007ffd51c60000 - 0x00007ffd523de000 	C:\WINDOWS\System32\windows.storage.dll
0x00007ffd51560000 - 0x00007ffd5157f000 	C:\WINDOWS\System32\profapi.dll
0x00007ffd515a0000 - 0x00007ffd515ea000 	C:\WINDOWS\System32\powrprof.dll
0x00007ffd51530000 - 0x00007ffd51540000 	C:\WINDOWS\System32\UMPDC.dll
0x00007ffd538b0000 - 0x00007ffd53902000 	C:\WINDOWS\System32\shlwapi.dll
0x00007ffd51540000 - 0x00007ffd51551000 	C:\WINDOWS\System32\kernel.appcore.dll
0x00007ffd51c10000 - 0x00007ffd51c27000 	C:\WINDOWS\System32\cryptsp.dll
0x00007ffd38410000 - 0x00007ffd3842a000 	C:\Program Files\Android\Android Studio\jre\jre\bin\net.dll
0x00007ffd50d40000 - 0x00007ffd50da7000 	C:\WINDOWS\system32\mswsock.dll
0x00007ffd37c60000 - 0x00007ffd37c71000 	C:\Program Files\Android\Android Studio\jre\jre\bin\nio.dll
0x00007ffd34330000 - 0x00007ffd34356000 	C:\Users\ﾁngel\.gradle\native\29\windows-amd64\native-platform.dll
0x00007ffd4b0d0000 - 0x00007ffd4b0dd000 	C:\Program Files\Android\Android Studio\jre\jre\bin\management.dll
0x00007ffd508b0000 - 0x00007ffd508e3000 	C:\WINDOWS\system32\rsaenh.dll
0x00007ffd51c30000 - 0x00007ffd51c56000 	C:\WINDOWS\System32\bcrypt.dll
0x00007ffd51450000 - 0x00007ffd51475000 	C:\WINDOWS\SYSTEM32\USERENV.dll
0x00007ffd50f10000 - 0x00007ffd50f1c000 	C:\WINDOWS\SYSTEM32\CRYPTBASE.dll
0x00007ffd50a50000 - 0x00007ffd50a8a000 	C:\WINDOWS\SYSTEM32\IPHLPAPI.DLL
0x00007ffd536f0000 - 0x00007ffd536f8000 	C:\WINDOWS\System32\NSI.dll
0x00007ffd4a8a0000 - 0x00007ffd4a8b6000 	C:\WINDOWS\SYSTEM32\dhcpcsvc6.DLL
0x00007ffd4b360000 - 0x00007ffd4b37c000 	C:\WINDOWS\SYSTEM32\dhcpcsvc.DLL
0x00007ffd50aa0000 - 0x00007ffd50b6a000 	C:\WINDOWS\SYSTEM32\DNSAPI.dll
0x00007ffd35340000 - 0x00007ffd35364000 	C:\Program Files\Android\Android Studio\jre\jre\bin\sunec.dll
0x00007ffd47890000 - 0x00007ffd4789a000 	C:\Windows\System32\rasadhlp.dll
0x00007ffd49790000 - 0x00007ffd49807000 	C:\WINDOWS\System32\fwpuclnt.dll
0x00007ffd4a5f0000 - 0x00007ffd4a5fb000 	C:\Program Files\Android\Android Studio\jre\jre\bin\sunmscapi.dll
0x00007ffd51650000 - 0x00007ffd51799000 	C:\WINDOWS\System32\CRYPT32.dll
0x00007ffd51580000 - 0x00007ffd51592000 	C:\WINDOWS\System32\MSASN1.dll
0x00007ffd1ccd0000 - 0x00007ffd1ce6c000 	C:\Program Files\Android\Android Studio\jre\jre\bin\awt.dll
0x00007ffd52fd0000 - 0x00007ffd53094000 	C:\WINDOWS\System32\OLEAUT32.dll
0x00007ffd4f050000 - 0x00007ffd4f07d000 	C:\WINDOWS\SYSTEM32\dwmapi.dll
0x00007ffd4f4b0000 - 0x00007ffd4fa70000 	C:\WINDOWS\SYSTEM32\d2d1.dll
0x00007ffd4e910000 - 0x00007ffd4e99f000 	C:\WINDOWS\SYSTEM32\apphelp.dll
0x00007ffd4eda0000 - 0x00007ffd4ee39000 	C:\WINDOWS\system32\uxtheme.dll

VM Arguments:
jvm_args: -Xmx1536m -Dfile.encoding=windows-1252 -Duser.country=ES -Duser.language=es -Duser.variant 
java_command: org.gradle.launcher.daemon.bootstrap.GradleDaemon 5.4.1
java_class_path (initial): C:\Users\ﾁngel\.gradle\wrapper\dists\gradle-5.4.1-all\3221gyojl5jsh0helicew7rwx\gradle-5.4.1\lib\gradle-launcher-5.4.1.jar
Launcher Type: SUN_STANDARD

Environment Variables:
PATH=C:\Program Files (x86)\Common Files\Oracle\Java\javapath;C:\Program Files (x86)\Intel\iCLS Client\;C:\Program Files\Intel\iCLS Client\;C:\Windows\system32;C:\Windows;C:\Windows\System32\Wbem;C:\Windows\System32\WindowsPowerShell\v1.0\;C:\Program Files (x86)\Intel\Intel(R) Management Engine Components\DAL;C:\Program Files\Intel\Intel(R) Management Engine Components\DAL;C:\Program Files (x86)\Intel\Intel(R) Management Engine Components\IPT;C:\Program Files\Intel\Intel(R) Management Engine Components\IPT;C:\Program Files (x86)\NVIDIA Corporation\PhysX\Common;C:\WINDOWS\system32;C:\WINDOWS;C:\WINDOWS\System32\Wbem;C:\WINDOWS\System32\WindowsPowerShell\v1.0\;C:\WINDOWS\System32\OpenSSH\;C:\Games\AndroidStudio\Git\cmd;C:\Users\ﾁngel\AppData\Local\Microsoft\WindowsApps;C:\Users\ﾁngel\AppData\Local\atom\bin;%USERPROFILE%\AppData\Local\Microsoft\WindowsApps;
USERNAME=ﾁngel
OS=Windows_NT
PROCESSOR_IDENTIFIER=Intel64 Family 6 Model 158 Stepping 9, GenuineIntel



---------------  S Y S T E M  ---------------

OS: Windows 10.0 , 64 bit Build 18362 (10.0.18362.329)

CPU:total 8 (initial active 8) (4 cores per cpu, 2 threads per core) family 6 model 158 stepping 9, cmov, cx8, fxsr, mmx, sse, sse2, sse3, ssse3, sse4.1, sse4.2, popcnt, avx, avx2, aes, clmul, erms, 3dnowpref, lzcnt, ht, tsc, tscinvbit, bmi1, bmi2, adx

Memory: 4k page, physical 16666788k(2362520k free), swap 16666788k(10088k free)

vm_info: OpenJDK 64-Bit Server VM (25.202-b03) for windows-amd64 JRE (1.8.0_202-release-1483-b03), built by "builder" with MS VC++ 10.0 (VS2010)

time: Wed Dec 11 20:02:44 2019
timezone: Hora est疣dar romance
elapsed time: 5607 seconds (0d 1h 33m 27s)

